<?xml version="1.0" encoding="UTF-8" ?>
<testsuite errors="1" failures="0" hostname="stage" name="biblioj.AuteurControllerTests" tests="8" time="6.394" timestamp="2014-04-22T22:15:25">
  <properties />
  <testcase classname="biblioj.AuteurControllerTests" name="testIndex" time="1.76" />
  <testcase classname="biblioj.AuteurControllerTests" name="testSave" time="2.969" />
  <testcase classname="biblioj.AuteurControllerTests" name="testCreate" time="0.192" />
  <testcase classname="biblioj.AuteurControllerTests" name="testShow" time="0.254" />
  <testcase classname="biblioj.AuteurControllerTests" name="testEdit" time="0.18" />
  <testcase classname="biblioj.AuteurControllerTests" name="testUpdate" time="0.297">
    <error message="No signature of method: biblioj.AuteurController.update() is applicable for argument types: (java.lang.Long, java.sql.Timestamp) values: [1, 1970-01-01 00:59:59.999]&#xa;Possible solutions: update(), update(java.lang.Long, java.lang.Long), create(), delete(), edit(), save()" type="groovy.lang.MissingMethodException">groovy.lang.MissingMethodException: No signature of method: biblioj.AuteurController.update() is applicable for argument types: (java.lang.Long, java.sql.Timestamp) values: [1, 1970-01-01 00:59:59.999]
Possible solutions: update(), update(java.lang.Long, java.lang.Long), create(), delete(), edit(), save()
	at biblioj.AuteurControllerTests.testUpdate(AuteurControllerTests.groovy:135)
</error>
  </testcase>
  <testcase classname="biblioj.AuteurControllerTests" name="testDelete" time="0.248" />
  <testcase classname="biblioj.AuteurControllerTests" name="testList" time="0.234" />
  <system-out><![CDATA[--Output from testIndex--
--Output from testSave--
--Output from testCreate--
--Output from testShow--
--Output from testEdit--
--Output from testUpdate--
--Output from testDelete--
--Output from testList--
]]></system-out>
  <system-err><![CDATA[--Output from testIndex--
--Output from testSave--
--Output from testCreate--
--Output from testShow--
--Output from testEdit--
--Output from testUpdate--
--Output from testDelete--
--Output from testList--
]]></system-err>
</testsuite>
