<?xml version="1.0" encoding="UTF-8" ?>
<testsuite errors="0" failures="0" hostname="stage" name="biblioj.LivreTests" tests="7" time="0.444" timestamp="2014-04-22T08:57:09">
  <properties />
  <testcase classname="biblioj.LivreTests" name="testBlank" time="0.148" />
  <testcase classname="biblioj.LivreTests" name="testToString" time="0.028" />
  <testcase classname="biblioj.LivreTests" name="testTitre" time="0.019" />
  <testcase classname="biblioj.LivreTests" name="testNombreExemplaires" time="0.018" />
  <testcase classname="biblioj.LivreTests" name="testNombreExemplairesDisponibles" time="0.017" />
  <testcase classname="biblioj.LivreTests" name="testNullable" time="0.024" />
  <testcase classname="biblioj.LivreTests" name="testType" time="0.019" />
  <system-out><![CDATA[--Output from testBlank--
--Output from testToString--
--Output from testTitre--
--Output from testNombreExemplaires--
--Output from testNombreExemplairesDisponibles--
--Output from testNullable--
--Output from testType--
]]></system-out>
  <system-err><![CDATA[--Output from testBlank--
--Output from testToString--
--Output from testTitre--
--Output from testNombreExemplaires--
--Output from testNombreExemplairesDisponibles--
--Output from testNullable--
--Output from testType--
]]></system-err>
</testsuite>
