<?xml version="1.0" encoding="UTF-8" ?>
<testsuite errors="0" failures="1" hostname="stage" name="biblioj.CartControllerTests" tests="1" time="4.838" timestamp="2014-04-22T08:56:56">
  <properties />
  <testcase classname="biblioj.CartControllerTests" name="testSomething" time="3.959">
    <failure message="junit.framework.AssertionFailedError: Implement me" type="junit.framework.AssertionFailedError">junit.framework.AssertionFailedError: junit.framework.AssertionFailedError: Implement me
	at biblioj.CartControllerTests.testSomething(CartControllerTests.groovy:15)
</failure>
  </testcase>
  <system-out><![CDATA[--Output from testSomething--
]]></system-out>
  <system-err><![CDATA[--Output from testSomething--
]]></system-err>
</testsuite>
