<?xml version="1.0" encoding="UTF-8" ?>
<testsuite errors="0" failures="0" hostname="stage" name="biblioj.AuteurTests" tests="4" time="0.478" timestamp="2014-04-22T08:29:39">
  <properties />
  <testcase classname="biblioj.AuteurTests" name="testNom" time="0.097" />
  <testcase classname="biblioj.AuteurTests" name="testToString" time="0.045" />
  <testcase classname="biblioj.AuteurTests" name="testPrenom" time="0.032" />
  <testcase classname="biblioj.AuteurTests" name="testBlanks" time="0.074" />
  <system-out><![CDATA[--Output from testNom--
--Output from testToString--
--Output from testPrenom--
--Output from testBlanks--
]]></system-out>
  <system-err><![CDATA[--Output from testNom--
--Output from testToString--
--Output from testPrenom--
--Output from testBlanks--
]]></system-err>
</testsuite>
