<?xml version="1.0" encoding="UTF-8" ?>
<testsuite errors="0" failures="1" hostname="stage" name="biblioj.ReservationControllerTests" tests="8" time="1.421" timestamp="2014-04-22T08:57:09">
  <properties />
  <testcase classname="biblioj.ReservationControllerTests" name="testIndex" time="0.353" />
  <testcase classname="biblioj.ReservationControllerTests" name="testList" time="0.088" />
  <testcase classname="biblioj.ReservationControllerTests" name="testShow" time="0.405" />
  <testcase classname="biblioj.ReservationControllerTests" name="testCreate" time="0.073" />
  <testcase classname="biblioj.ReservationControllerTests" name="testSave" time="0.091" />
  <testcase classname="biblioj.ReservationControllerTests" name="testEdit" time="0.09" />
  <testcase classname="biblioj.ReservationControllerTests" name="testUpdate" time="0.092">
    <failure message="Assertion failed: &#xa;&#xa;assert view == &quot;/reservation/edit&quot;&#xa;       |    |&#xa;       null false&#xa;" type="junit.framework.AssertionFailedError">junit.framework.AssertionFailedError: Assertion failed: 

assert view == &quot;/reservation/edit&quot;
       |    |
       null false

	at biblioj.ReservationControllerTests.testUpdate(ReservationControllerTests.groovy:118)
</failure>
  </testcase>
  <testcase classname="biblioj.ReservationControllerTests" name="testDelete" time="0.101" />
  <system-out><![CDATA[--Output from testIndex--
--Output from testList--
--Output from testShow--
--Output from testCreate--
--Output from testSave--
--Output from testEdit--
--Output from testUpdate--
--Output from testDelete--
]]></system-out>
  <system-err><![CDATA[--Output from testIndex--
--Output from testList--
--Output from testShow--
--Output from testCreate--
--Output from testSave--
--Output from testEdit--
--Output from testUpdate--
--Output from testDelete--
]]></system-err>
</testsuite>
