<?xml version="1.0" encoding="UTF-8" ?>
<testsuite errors="0" failures="1" hostname="stage" name="biblioj.TypeDocumentControllerTests" tests="8" time="1.477" timestamp="2014-04-22T08:29:42">
  <properties />
  <testcase classname="biblioj.TypeDocumentControllerTests" name="testIndex" time="0.544" />
  <testcase classname="biblioj.TypeDocumentControllerTests" name="testList" time="0.088" />
  <testcase classname="biblioj.TypeDocumentControllerTests" name="testCreate" time="0.092" />
  <testcase classname="biblioj.TypeDocumentControllerTests" name="testSave" time="0.278" />
  <testcase classname="biblioj.TypeDocumentControllerTests" name="testDelete" time="0.144" />
  <testcase classname="biblioj.TypeDocumentControllerTests" name="testShow" time="0.103" />
  <testcase classname="biblioj.TypeDocumentControllerTests" name="testEdit" time="0.096" />
  <testcase classname="biblioj.TypeDocumentControllerTests" name="testUpdate" time="0.091">
    <failure message="Assertion failed: &#xa;&#xa;assert view == &quot;/typeDocument/edit&quot;&#xa;       |    |&#xa;       null false&#xa;" type="junit.framework.AssertionFailedError">junit.framework.AssertionFailedError: Assertion failed: 

assert view == &quot;/typeDocument/edit&quot;
       |    |
       null false

	at biblioj.TypeDocumentControllerTests.testUpdate(TypeDocumentControllerTests.groovy:114)
</failure>
  </testcase>
  <system-out><![CDATA[--Output from testIndex--
--Output from testList--
--Output from testCreate--
--Output from testSave--
--Output from testDelete--
--Output from testShow--
--Output from testEdit--
--Output from testUpdate--
]]></system-out>
  <system-err><![CDATA[--Output from testIndex--
--Output from testList--
--Output from testCreate--
--Output from testSave--
--Output from testDelete--
--Output from testShow--
--Output from testEdit--
--Output from testUpdate--
]]></system-err>
</testsuite>
