<?xml version="1.0" encoding="UTF-8" ?>
<testsuite errors="0" failures="0" hostname="stage" name="biblioj.ReservationTests" tests="4" time="0.382" timestamp="2014-04-22T08:57:11">
  <properties />
  <testcase classname="biblioj.ReservationTests" name="testNullable" time="0.078" />
  <testcase classname="biblioj.ReservationTests" name="testCode" time="0.018" />
  <testcase classname="biblioj.ReservationTests" name="testDateReservation" time="0.03" />
  <testcase classname="biblioj.ReservationTests" name="testUnique" time="0.093" />
  <system-out><![CDATA[--Output from testNullable--
--Output from testCode--
--Output from testDateReservation--
--Output from testUnique--
]]></system-out>
  <system-err><![CDATA[--Output from testNullable--
--Output from testCode--
--Output from testDateReservation--
--Output from testUnique--
]]></system-err>
</testsuite>
