<?xml version="1.0" encoding="UTF-8" ?>
<testsuite errors="0" failures="0" hostname="stage" name="biblioj.AuteurTests" tests="4" time="0.385" timestamp="2014-04-22T22:15:34">
  <properties />
  <testcase classname="biblioj.AuteurTests" name="testToString" time="0.161" />
  <testcase classname="biblioj.AuteurTests" name="testNom" time="0.02" />
  <testcase classname="biblioj.AuteurTests" name="testPrenom" time="0.02" />
  <testcase classname="biblioj.AuteurTests" name="testBlanks" time="0.044" />
  <system-out><![CDATA[--Output from testToString--
--Output from testNom--
--Output from testPrenom--
--Output from testBlanks--
]]></system-out>
  <system-err><![CDATA[--Output from testToString--
--Output from testNom--
--Output from testPrenom--
--Output from testBlanks--
]]></system-err>
</testsuite>
