<?xml version="1.0" encoding="UTF-8" ?>
<testsuite errors="0" failures="1" hostname="stage" name="biblioj.TypeDocumentControllerTests" tests="8" time="0.977" timestamp="2014-04-22T08:57:11">
  <properties />
  <testcase classname="biblioj.TypeDocumentControllerTests" name="testIndex" time="0.326" />
  <testcase classname="biblioj.TypeDocumentControllerTests" name="testList" time="0.075" />
  <testcase classname="biblioj.TypeDocumentControllerTests" name="testShow" time="0.11" />
  <testcase classname="biblioj.TypeDocumentControllerTests" name="testCreate" time="0.082" />
  <testcase classname="biblioj.TypeDocumentControllerTests" name="testSave" time="0.102" />
  <testcase classname="biblioj.TypeDocumentControllerTests" name="testEdit" time="0.078" />
  <testcase classname="biblioj.TypeDocumentControllerTests" name="testUpdate" time="0.103">
    <failure message="Assertion failed: &#xa;&#xa;assert view == &quot;/typeDocument/edit&quot;&#xa;       |    |&#xa;       null false&#xa;" type="junit.framework.AssertionFailedError">junit.framework.AssertionFailedError: Assertion failed: 

assert view == &quot;/typeDocument/edit&quot;
       |    |
       null false

	at biblioj.TypeDocumentControllerTests.testUpdate(TypeDocumentControllerTests.groovy:114)
</failure>
  </testcase>
  <testcase classname="biblioj.TypeDocumentControllerTests" name="testDelete" time="0.075" />
  <system-out><![CDATA[--Output from testIndex--
--Output from testList--
--Output from testShow--
--Output from testCreate--
--Output from testSave--
--Output from testEdit--
--Output from testUpdate--
--Output from testDelete--
]]></system-out>
  <system-err><![CDATA[--Output from testIndex--
--Output from testList--
--Output from testShow--
--Output from testCreate--
--Output from testSave--
--Output from testEdit--
--Output from testUpdate--
--Output from testDelete--
]]></system-err>
</testsuite>
